[2021-03-14 17:49:39] local.ERROR: filemtime(): stat failed for D:\ProgramData\apache-2.4.46\htdocs\.env {"exception":"[object] (ErrorException(code: 0): filemtime(): stat failed for D:\\ProgramData\\apache-2.4.46\\htdocs\\.env at D:\\ProgramData\\apache-2.4.46\\htdocs\\vendor\\laravel\\framework\\src\\Illuminate\\Foundation\\Console\\ServeCommand.php:66)
[stacktrace]
#0 [internal function]: Illuminate\\Foundation\\Bootstrap\\HandleExceptions->handleError()
#1 D:\\ProgramData\\apache-2.4.46\\htdocs\\vendor\\laravel\\framework\\src\\Illuminate\\Foundation\\Console\\ServeCommand.php(66): filemtime()
#2 D:\\ProgramData\\apache-2.4.46\\htdocs\\vendor\\laravel\\framework\\src\\Illuminate\\Container\\BoundMethod.php(36): Illuminate\\Foundation\\Console\\ServeCommand->handle()
#3 D:\\ProgramData\\apache-2.4.46\\htdocs\\vendor\\laravel\\framework\\src\\Illuminate\\Container\\Util.php(40): Illuminate\\Container\\BoundMethod::Illuminate\\Container\\{closure}()
#4 D:\\ProgramData\\apache-2.4.46\\htdocs\\vendor\\laravel\\framework\\src\\Illuminate\\Container\\BoundMethod.php(93): Illuminate\\Container\\Util::unwrapIfClosure()
#5 D:\\ProgramData\\apache-2.4.46\\htdocs\\vendor\\laravel\\framework\\src\\Illuminate\\Container\\BoundMethod.php(37): Illuminate\\Container\\BoundMethod::callBoundMethod()
#6 D:\\ProgramData\\apache-2.4.46\\htdocs\\vendor\\laravel\\framework\\src\\Illuminate\\Container\\Container.php(610): Illuminate\\Container\\BoundMethod::call()
#7 D:\\ProgramData\\apache-2.4.46\\htdocs\\vendor\\laravel\\framework\\src\\Illuminate\\Console\\Command.php(136): Illuminate\\Container\\Container->call()
#8 D:\\ProgramData\\apache-2.4.46\\htdocs\\vendor\\symfony\\console\\Command\\Command.php(256): Illuminate\\Console\\Command->execute()
#9 D:\\ProgramData\\apache-2.4.46\\htdocs\\vendor\\laravel\\framework\\src\\Illuminate\\Console\\Command.php(121): Symfony\\Component\\Console\\Command\\Command->run()
#10 D:\\ProgramData\\apache-2.4.46\\htdocs\\vendor\\symfony\\console\\Application.php(971): Illuminate\\Console\\Command->run()
#11 D:\\ProgramData\\apache-2.4.46\\htdocs\\vendor\\symfony\\console\\Application.php(290): Symfony\\Component\\Console\\Application->doRunCommand()
#12 D:\\ProgramData\\apache-2.4.46\\htdocs\\vendor\\symfony\\console\\Application.php(166): Symfony\\Component\\Console\\Application->doRun()
#13 D:\\ProgramData\\apache-2.4.46\\htdocs\\vendor\\laravel\\framework\\src\\Illuminate\\Console\\Application.php(92): Symfony\\Component\\Console\\Application->run()
#14 D:\\ProgramData\\apache-2.4.46\\htdocs\\vendor\\laravel\\framework\\src\\Illuminate\\Foundation\\Console\\Kernel.php(129): Illuminate\\Console\\Application->run()
#15 D:\\ProgramData\\apache-2.4.46\\htdocs\\artisan(37): Illuminate\\Foundation\\Console\\Kernel->handle()
#16 {main}
"} 
